GROUP,PACKAGE,CLASS,INSTRUCTION_MISSED,INSTRUCTION_COVERED,BRANCH_MISSED,BRANCH_COVERED,LINE_MISSED,LINE_COVERED,COMPLEXITY_MISSED,COMPLEXITY_COVERED,METHOD_MISSED,METHOD_COVERED
mediscreen_Assessment,com.medic.mediscreen.service,AssessmentService,12,195,12,28,3,41,11,14,0,5
mediscreen_Assessment,com.medic.mediscreen.dto,AssessInfo,12,31,0,0,0,6,3,6,3,6
mediscreen_Assessment,com.medic.mediscreen,Config,0,21,0,0,0,7,0,2,0,2
mediscreen_Assessment,com.medic.mediscreen.controllers,Controllers,0,8,0,0,0,2,0,2,0,2
